<?xml version="1.0" encoding="UTF-8"?>
<!-- Generated by org.testng.reporters.JUnitReportReporter -->
<testsuite hostname="VijayKumar" failures="0" tests="1" name="VijayKumarSeleniumPractice.Tests.ErrorValidation" time="4.809" errors="0" timestamp="2023-12-10T18:12:12 IST" skipped="0">
  <testcase classname="VijayKumarSeleniumPractice.Tests.ErrorValidation" name="submitOrder" time="4.809"/>
</testsuite> <!-- VijayKumarSeleniumPractice.Tests.ErrorValidation -->
