<?xml version="1.0" encoding="UTF-8"?>
<!-- Generated by org.testng.reporters.JUnitReportReporter -->
<testsuite hostname="VijayKumar" failures="0" tests="3" name="VijayKumarSeleniumPractice.Tests.SubmitOrderTest" time="26.523" errors="0" timestamp="2024-01-14T11:33:26 IST" skipped="0">
  <testcase classname="VijayKumarSeleniumPractice.Tests.SubmitOrderTest" name="orderHistoryTest" time="10.315"/>
  <testcase classname="VijayKumarSeleniumPractice.Tests.SubmitOrderTest" name="submitOrder" time="8.629"/>
  <testcase classname="VijayKumarSeleniumPractice.Tests.SubmitOrderTest" name="submitOrder" time="7.579"/>
</testsuite> <!-- VijayKumarSeleniumPractice.Tests.SubmitOrderTest -->
