<?xml version="1.0" encoding="UTF-8"?>
<!-- Generated by org.testng.reporters.JUnitReportReporter -->
<testsuite hostname="VijayKumar" failures="0" tests="1" name="Cucumber.TestNGTestRunner" time="5.271" errors="0" timestamp="2024-02-03T22:51:03 IST" skipped="0">
  <testcase classname="Cucumber.TestNGTestRunner" name="runScenario" time="5.271"/>
</testsuite> <!-- Cucumber.TestNGTestRunner -->
